c:\users\dsr-2\documents\rns-apal-public\rns-apal_v0.105\release\rns-apal.pch
c:\users\dsr-2\documents\rns-apal-public\rns-apal_v0.105\release\vc141.pdb
c:\users\dsr-2\documents\rns-apal-public\rns-apal_v0.105\release\stdafx.obj
c:\users\dsr-2\documents\rns-apal-public\rns-apal_v0.105\release\utilities.obj
c:\users\dsr-2\documents\rns-apal-public\rns-apal_v0.105\release\sppm.obj
c:\users\dsr-2\documents\rns-apal-public\rns-apal_v0.105\release\spmf.obj
c:\users\dsr-2\documents\rns-apal-public\rns-apal_v0.105\release\ppm.obj
c:\users\dsr-2\documents\rns-apal-public\rns-apal_v0.105\release\mrn.obj
c:\users\dsr-2\documents\rns-apal-public\rns-apal_v0.105\release\main.obj
c:\users\dsr-2\documents\rns-apal-public\rns-apal_v0.105\release\config.obj
c:\users\dsr-2\documents\rns-apal-public\rns-apal_v0.105\release\rns-apal.exe
c:\users\dsr-2\documents\rns-apal-public\rns-apal_v0.105\release\rns-apal.pdb
c:\users\dsr-2\documents\rns-apal-public\rns-apal_v0.105\release\rns-apal.ipdb
c:\users\dsr-2\documents\rns-apal-public\rns-apal_v0.105\release\rns-apal.iobj
c:\users\dsr-2\documents\rns-apal-public\rns-apal_v0.105\release\rns-apal.tlog\cl.command.1.tlog
c:\users\dsr-2\documents\rns-apal-public\rns-apal_v0.105\release\rns-apal.tlog\cl.read.1.tlog
c:\users\dsr-2\documents\rns-apal-public\rns-apal_v0.105\release\rns-apal.tlog\cl.write.1.tlog
c:\users\dsr-2\documents\rns-apal-public\rns-apal_v0.105\release\rns-apal.tlog\link.command.1.tlog
c:\users\dsr-2\documents\rns-apal-public\rns-apal_v0.105\release\rns-apal.tlog\link.read.1.tlog
c:\users\dsr-2\documents\rns-apal-public\rns-apal_v0.105\release\rns-apal.tlog\link.write.1.tlog
c:\users\dsr-2\documents\rns-apal-public\rns-apal_v0.105\release\rns-apal.tlog\rns-apal.write.1u.tlog
